<?xml version="1.0" encoding="UTF-8"?>
<coverage generated="1598518908742" clover="3.2.0">
  <project timestamp="1598518908742" name="All files">
    <metrics statements="26" coveredstatements="25" conditionals="5" coveredconditionals="5" methods="8" coveredmethods="7" elements="39" coveredelements="37" complexity="0" loc="26" ncloc="26" packages="1" files="1" classes="1"/>
    <file name="linkedlist.js" path="J:\dev\linkedlist\lib\linkedlist.js">
      <metrics statements="26" coveredstatements="25" conditionals="5" coveredconditionals="5" methods="8" coveredmethods="7"/>
      <line num="3" count="18" type="stmt"/>
      <line num="4" count="18" type="stmt"/>
      <line num="10" count="9" type="cond" truecount="2" falsecount="0"/>
      <line num="11" count="2" type="stmt"/>
      <line num="12" count="2" type="cond" truecount="2" falsecount="0"/>
      <line num="13" count="2" type="stmt"/>
      <line num="14" count="2" type="stmt"/>
      <line num="15" count="2" type="stmt"/>
      <line num="16" count="2" type="stmt"/>
      <line num="20" count="7" type="stmt"/>
      <line num="24" count="9" type="stmt"/>
      <line num="25" count="9" type="stmt"/>
      <line num="26" count="9" type="stmt"/>
      <line num="27" count="14" type="stmt"/>
      <line num="28" count="14" type="stmt"/>
      <line num="30" count="9" type="stmt"/>
      <line num="33" count="1" type="stmt"/>
      <line num="36" count="1" type="stmt"/>
      <line num="39" count="6" type="stmt"/>
      <line num="40" count="6" type="stmt"/>
      <line num="41" count="10" type="stmt"/>
      <line num="43" count="6" type="stmt"/>
      <line num="46" count="0" type="stmt"/>
      <line num="49" count="3" type="stmt"/>
      <line num="50" count="3" type="stmt"/>
      <line num="55" count="1" type="stmt"/>
    </file>
  </project>
</coverage>
