{"J:\\dev\\linkedlist\\lib\\linkedlist.js": {"path":"J:\\dev\\linkedlist\\lib\\linkedlist.js","statementMap":{"0":{"start":{"line":3,"column":8},"end":{"line":3,"column":25}},"1":{"start":{"line":4,"column":8},"end":{"line":4,"column":24}},"2":{"start":{"line":10,"column":8},"end":{"line":21,"column":9}},"3":{"start":{"line":11,"column":29},"end":{"line":11,"column":41}},"4":{"start":{"line":12,"column":12},"end":{"line":12,"column":60}},"5":{"start":{"line":13,"column":25},"end":{"line":13,"column":37}},"6":{"start":{"line":14,"column":12},"end":{"line":17,"column":13}},"7":{"start":{"line":15,"column":16},"end":{"line":15,"column":35}},"8":{"start":{"line":16,"column":16},"end":{"line":16,"column":37}},"9":{"start":{"line":20,"column":12},"end":{"line":20,"column":28}},"10":{"start":{"line":24,"column":20},"end":{"line":24,"column":21}},"11":{"start":{"line":25,"column":19},"end":{"line":25,"column":28}},"12":{"start":{"line":26,"column":8},"end":{"line":29,"column":9}},"13":{"start":{"line":27,"column":12},"end":{"line":27,"column":19}},"14":{"start":{"line":28,"column":12},"end":{"line":28,"column":28}},"15":{"start":{"line":30,"column":8},"end":{"line":30,"column":20}},"16":{"start":{"line":33,"column":8},"end":{"line":33,"column":24}},"17":{"start":{"line":36,"column":8},"end":{"line":36,"column":24}},"18":{"start":{"line":39,"column":23},"end":{"line":39,"column":32}},"19":{"start":{"line":40,"column":8},"end":{"line":42,"column":9}},"20":{"start":{"line":41,"column":12},"end":{"line":41,"column":36}},"21":{"start":{"line":43,"column":8},"end":{"line":43,"column":23}},"22":{"start":{"line":46,"column":8},"end":{"line":46,"column":46}},"23":{"start":{"line":49,"column":21},"end":{"line":49,"column":35}},"24":{"start":{"line":50,"column":8},"end":{"line":50,"column":40}},"25":{"start":{"line":55,"column":0},"end":{"line":58,"column":1}}},"fnMap":{"0":{"name":"(anonymous_0)","decl":{"start":{"line":2,"column":4},"end":{"line":2,"column":5}},"loc":{"start":{"line":2,"column":22},"end":{"line":5,"column":5}},"line":2},"1":{"name":"(anonymous_1)","decl":{"start":{"line":9,"column":4},"end":{"line":9,"column":5}},"loc":{"start":{"line":9,"column":29},"end":{"line":22,"column":5}},"line":9},"2":{"name":"(anonymous_2)","decl":{"start":{"line":23,"column":4},"end":{"line":23,"column":5}},"loc":{"start":{"line":23,"column":11},"end":{"line":31,"column":5}},"line":23},"3":{"name":"(anonymous_3)","decl":{"start":{"line":32,"column":4},"end":{"line":32,"column":5}},"loc":{"start":{"line":32,"column":12},"end":{"line":34,"column":5}},"line":32},"4":{"name":"(anonymous_4)","decl":{"start":{"line":35,"column":4},"end":{"line":35,"column":5}},"loc":{"start":{"line":35,"column":14},"end":{"line":37,"column":5}},"line":35},"5":{"name":"(anonymous_5)","decl":{"start":{"line":38,"column":4},"end":{"line":38,"column":5}},"loc":{"start":{"line":38,"column":13},"end":{"line":44,"column":5}},"line":38},"6":{"name":"(anonymous_6)","decl":{"start":{"line":45,"column":4},"end":{"line":45,"column":5}},"loc":{"start":{"line":45,"column":11},"end":{"line":47,"column":5}},"line":45},"7":{"name":"(anonymous_7)","decl":{"start":{"line":48,"column":4},"end":{"line":48,"column":5}},"loc":{"start":{"line":48,"column":14},"end":{"line":51,"column":5}},"line":48}},"branchMap":{"0":{"loc":{"start":{"line":9,"column":16},"end":{"line":9,"column":27}},"type":"default-arg","locations":[{"start":{"line":9,"column":23},"end":{"line":9,"column":27}}],"line":9},"1":{"loc":{"start":{"line":10,"column":8},"end":{"line":21,"column":9}},"type":"if","locations":[{"start":{"line":10,"column":8},"end":{"line":21,"column":9}},{"start":{"line":10,"column":8},"end":{"line":21,"column":9}}],"line":10},"2":{"loc":{"start":{"line":12,"column":22},"end":{"line":12,"column":60}},"type":"cond-expr","locations":[{"start":{"line":12,"column":32},"end":{"line":12,"column":55}},{"start":{"line":12,"column":56},"end":{"line":12,"column":60}}],"line":12}},"s":{"0":18,"1":18,"2":9,"3":2,"4":2,"5":2,"6":2,"7":2,"8":2,"9":7,"10":9,"11":9,"12":9,"13":14,"14":14,"15":9,"16":1,"17":1,"18":6,"19":6,"20":10,"21":6,"22":0,"23":3,"24":3,"25":1},"f":{"0":18,"1":9,"2":9,"3":1,"4":1,"5":6,"6":0,"7":3},"b":{"0":[2],"1":[2,7],"2":[1,1]},"_coverageSchema":"1a1c01bbd47fc00a2c39e90264f33305004495a9","hash":"bc7a9fa8b89430bee9c6ab0a993bbbab9fd7b171"}
}
