TN:
SF:lib\linkedlist.js
FN:2,(anonymous_0)
FN:9,(anonymous_1)
FN:23,(anonymous_2)
FN:32,(anonymous_3)
FN:35,(anonymous_4)
FN:38,(anonymous_5)
FN:45,(anonymous_6)
FN:48,(anonymous_7)
FNF:8
FNH:7
FNDA:18,(anonymous_0)
FNDA:9,(anonymous_1)
FNDA:9,(anonymous_2)
FNDA:1,(anonymous_3)
FNDA:1,(anonymous_4)
FNDA:6,(anonymous_5)
FNDA:0,(anonymous_6)
FNDA:3,(anonymous_7)
DA:3,18
DA:4,18
DA:10,9
DA:11,2
DA:12,2
DA:13,2
DA:14,2
DA:15,2
DA:16,2
DA:20,7
DA:24,9
DA:25,9
DA:26,9
DA:27,14
DA:28,14
DA:30,9
DA:33,1
DA:36,1
DA:39,6
DA:40,6
DA:41,10
DA:43,6
DA:46,0
DA:49,3
DA:50,3
DA:55,1
LF:26
LH:25
BRDA:9,0,0,2
BRDA:10,1,0,2
BRDA:10,1,1,7
BRDA:12,2,0,1
BRDA:12,2,1,1
BRF:5
BRH:5
end_of_record
